Start testing: Apr 04 06:59 UTC
----------------------------------------------------------
22/163 Testing: t_byte_stream_construction
22/163 Test: t_byte_stream_construction
Command: "/home/yefimov/project/CS144/sponge/build/tests/byte_stream_construction"
Directory: /home/yefimov/project/CS144/sponge/build
"t_byte_stream_construction" start time: Apr 04 06:59 UTC
Output:
----------------------------------------------------------
<end of output>
Test time =   0.01 sec
----------------------------------------------------------
Test Passed.
"t_byte_stream_construction" end time: Apr 04 06:59 UTC
"t_byte_stream_construction" time elapsed: 00:00:00
----------------------------------------------------------

23/163 Testing: t_byte_stream_one_write
23/163 Test: t_byte_stream_one_write
Command: "/home/yefimov/project/CS144/sponge/build/tests/byte_stream_one_write"
Directory: /home/yefimov/project/CS144/sponge/build
"t_byte_stream_one_write" start time: Apr 04 06:59 UTC
Output:
----------------------------------------------------------
<end of output>
Test time =   0.01 sec
----------------------------------------------------------
Test Passed.
"t_byte_stream_one_write" end time: Apr 04 06:59 UTC
"t_byte_stream_one_write" time elapsed: 00:00:00
----------------------------------------------------------

24/163 Testing: t_byte_stream_two_writes
24/163 Test: t_byte_stream_two_writes
Command: "/home/yefimov/project/CS144/sponge/build/tests/byte_stream_two_writes"
Directory: /home/yefimov/project/CS144/sponge/build
"t_byte_stream_two_writes" start time: Apr 04 06:59 UTC
Output:
----------------------------------------------------------
<end of output>
Test time =   0.00 sec
----------------------------------------------------------
Test Passed.
"t_byte_stream_two_writes" end time: Apr 04 06:59 UTC
"t_byte_stream_two_writes" time elapsed: 00:00:00
----------------------------------------------------------

25/163 Testing: t_byte_stream_capacity
25/163 Test: t_byte_stream_capacity
Command: "/home/yefimov/project/CS144/sponge/build/tests/byte_stream_capacity"
Directory: /home/yefimov/project/CS144/sponge/build
"t_byte_stream_capacity" start time: Apr 04 06:59 UTC
Output:
----------------------------------------------------------
<end of output>
Test time =   0.00 sec
----------------------------------------------------------
Test Passed.
"t_byte_stream_capacity" end time: Apr 04 06:59 UTC
"t_byte_stream_capacity" time elapsed: 00:00:00
----------------------------------------------------------

26/163 Testing: t_byte_stream_many_writes
26/163 Test: t_byte_stream_many_writes
Command: "/home/yefimov/project/CS144/sponge/build/tests/byte_stream_many_writes"
Directory: /home/yefimov/project/CS144/sponge/build
"t_byte_stream_many_writes" start time: Apr 04 06:59 UTC
Output:
----------------------------------------------------------
<end of output>
Test time =   0.01 sec
----------------------------------------------------------
Test Passed.
"t_byte_stream_many_writes" end time: Apr 04 06:59 UTC
"t_byte_stream_many_writes" time elapsed: 00:00:00
----------------------------------------------------------

27/163 Testing: t_webget
27/163 Test: t_webget
Command: "/home/yefimov/project/CS144/sponge/tests/webget_t.sh"
Directory: /home/yefimov/project/CS144/sponge/build
"t_webget" start time: Apr 04 06:59 UTC
Output:
----------------------------------------------------------
Function called: get_URL(cs144.keithw.org, /hasher/xyzzy).
Warning: get_URL() has not been implemented yet.
HTTP/1.1 200 OK
Date: Tue, 04 Apr 2023 06:59:37 GMT
Server: Apache
Content-Length: 44
Connection: close
Content-Type: text/plain

QWx0NhMPkoM/bJr/ohvHXlviFhOyYrYb+qqdOnwLYo4
<end of output>
Test time =   1.52 sec
----------------------------------------------------------
Test Passed.
"t_webget" end time: Apr 04 06:59 UTC
"t_webget" time elapsed: 00:00:01
----------------------------------------------------------

47/163 Testing: t_address_dt
47/163 Test: t_address_dt
Command: "/home/yefimov/project/CS144/sponge/build/doctests/address_dt"
Directory: /home/yefimov/project/CS144/sponge/build
"t_address_dt" start time: Apr 04 06:59 UTC
Output:
----------------------------------------------------------
<end of output>
Test time =   0.03 sec
----------------------------------------------------------
Test Passed.
"t_address_dt" end time: Apr 04 06:59 UTC
"t_address_dt" time elapsed: 00:00:00
----------------------------------------------------------

48/163 Testing: t_parser_dt
48/163 Test: t_parser_dt
Command: "/home/yefimov/project/CS144/sponge/build/doctests/parser_dt"
Directory: /home/yefimov/project/CS144/sponge/build
"t_parser_dt" start time: Apr 04 06:59 UTC
Output:
----------------------------------------------------------
<end of output>
Test time =   0.00 sec
----------------------------------------------------------
Test Passed.
"t_parser_dt" end time: Apr 04 06:59 UTC
"t_parser_dt" time elapsed: 00:00:00
----------------------------------------------------------

49/163 Testing: t_socket_dt
49/163 Test: t_socket_dt
Command: "/home/yefimov/project/CS144/sponge/build/doctests/socket_dt"
Directory: /home/yefimov/project/CS144/sponge/build
"t_socket_dt" start time: Apr 04 06:59 UTC
Output:
----------------------------------------------------------
<end of output>
Test time =   0.01 sec
----------------------------------------------------------
Test Passed.
"t_socket_dt" end time: Apr 04 06:59 UTC
"t_socket_dt" time elapsed: 00:00:00
----------------------------------------------------------

End testing: Apr 04 06:59 UTC
